<?xml version="1.0" encoding="UTF-8" ?>
<testsuites>
  <testsuite errors="0" failures="0" hostname="wisamArch" id="0" name="Test01_AddItems" package="edu.uic.cs494.a3" skipped="0" tests="3" time="0.141" timestamp="2020-04-18T18:49:02">
      <properties>
[...]
</properties>

      <testcase classname="edu.uic.cs494.a3.Test01_AddItems" name="testItemAlreadyInShelf" time="0.029" />

      <testcase classname="edu.uic.cs494.a3.Test01_AddItems" name="testMaxCapacity" time="0.001" />

      <testcase classname="edu.uic.cs494.a3.Test01_AddItems" name="testItemIdentity" time="0.0" />

      <system-out><![CDATA[]]></system-out>

      <system-err><![CDATA[]]></system-err>

  </testsuite>
  <testsuite errors="0" failures="0" hostname="wisamArch" id="1" name="Test02_GetContentsShelf" package="edu.uic.cs494.a3" skipped="0" tests="4" time="0.127" timestamp="2020-04-18T18:49:02">
      <properties>
[...]
</properties>

      <testcase classname="edu.uic.cs494.a3.Test02_GetContentsShelf" name="testCapacitySameDescription" time="0.019" />

      <testcase classname="edu.uic.cs494.a3.Test02_GetContentsShelf" name="testCapacityDuplicatedItem" time="0.001" />

      <testcase classname="edu.uic.cs494.a3.Test02_GetContentsShelf" name="testUsingOwnSet" time="0.002" />

      <testcase classname="edu.uic.cs494.a3.Test02_GetContentsShelf" name="testCapacityAdd" time="0.0" />

      <system-out><![CDATA[]]></system-out>

      <system-err><![CDATA[]]></system-err>

  </testsuite>
  <testsuite errors="0" failures="0" hostname="wisamArch" id="2" name="Test03_RemoveItems" package="edu.uic.cs494.a3" skipped="0" tests="8" time="0.136" timestamp="2020-04-18T18:49:03">
      <properties>
[...]
</properties>

      <testcase classname="edu.uic.cs494.a3.Test03_RemoveItems" name="testRemoveFromEmptyWarehouse" time="0.007" />

      <testcase classname="edu.uic.cs494.a3.Test03_RemoveItems" name="testRemoveItemNotInShelf" time="0.0" />

      <testcase classname="edu.uic.cs494.a3.Test03_RemoveItems" name="testRemoveFromWarehouse" time="0.022" />

      <testcase classname="edu.uic.cs494.a3.Test03_RemoveItems" name="testContentsRemoveFromEmptyShelf" time="0.001" />

      <testcase classname="edu.uic.cs494.a3.Test03_RemoveItems" name="testRemoveFromEmptyShelf" time="0.0" />

      <testcase classname="edu.uic.cs494.a3.Test03_RemoveItems" name="testContentsRemoveFromShelf" time="0.001" />

      <testcase classname="edu.uic.cs494.a3.Test03_RemoveItems" name="testRemoveFromShelf" time="0.003" />

      <testcase classname="edu.uic.cs494.a3.Test03_RemoveItems" name="testContenstsRemoveItemNotInShelf" time="0.001" />

      <system-out><![CDATA[]]></system-out>

      <system-err><![CDATA[]]></system-err>

  </testsuite>
  <testsuite errors="0" failures="0" hostname="wisamArch" id="3" name="Test04_GetWarehouseContents" package="edu.uic.cs494.a3" skipped="0" tests="10" time="0.14" timestamp="2020-04-18T18:49:03">
      <properties>
[...]
</properties>

      <testcase classname="edu.uic.cs494.a3.Test04_GetWarehouseContents" name="testCapacitySameDescription" time="0.015" />

      <testcase classname="edu.uic.cs494.a3.Test04_GetWarehouseContents" name="testRemoveItemNotInShelf" time="0.001" />

      <testcase classname="edu.uic.cs494.a3.Test04_GetWarehouseContents" name="testCapacityDuplicatedItem" time="0.001" />

      <testcase classname="edu.uic.cs494.a3.Test04_GetWarehouseContents" name="testContentsRemoveFromEmptyShelf" time="0.0" />

      <testcase classname="edu.uic.cs494.a3.Test04_GetWarehouseContents" name="testUsingOwnSet" time="0.003" />

      <testcase classname="edu.uic.cs494.a3.Test04_GetWarehouseContents" name="testRemoveFromEmptyShelf" time="0.007" />

      <testcase classname="edu.uic.cs494.a3.Test04_GetWarehouseContents" name="testContentsRemoveFromShelf" time="0.001" />

      <testcase classname="edu.uic.cs494.a3.Test04_GetWarehouseContents" name="testCapacityAdd" time="0.0" />

      <testcase classname="edu.uic.cs494.a3.Test04_GetWarehouseContents" name="testRemoveFromShelf" time="0.003" />

      <testcase classname="edu.uic.cs494.a3.Test04_GetWarehouseContents" name="testContenstsRemoveItemNotInShelf" time="0.0" />

      <system-out><![CDATA[]]></system-out>

      <system-err><![CDATA[]]></system-err>

  </testsuite>
  <testsuite errors="0" failures="0" hostname="wisamArch" id="4" name="Test05_MoveSimple" package="edu.uic.cs494.a3" skipped="0" tests="4" time="1.588" timestamp="2020-04-18T18:49:03">
      <properties>
[...]
</properties>

      <testcase classname="edu.uic.cs494.a3.Test05_MoveSimple" name="testDeadlokcingMove" time="1.459" />

      <testcase classname="edu.uic.cs494.a3.Test05_MoveSimple" name="moveItemToFullShelf" time="0.001" />

      <testcase classname="edu.uic.cs494.a3.Test05_MoveSimple" name="moveItemToEmptyShelf" time="0.001" />

      <testcase classname="edu.uic.cs494.a3.Test05_MoveSimple" name="moveItemFromEmptyShelf" time="0.002" />

      <system-out><![CDATA[]]></system-out>

      <system-err><![CDATA[]]></system-err>

  </testsuite>
  <testsuite errors="0" failures="0" hostname="wisamArch" id="5" name="Test06_Multithreaded" package="edu.uic.cs494.a3" skipped="0" tests="2" time="0.28" timestamp="2020-04-18T18:49:05">
      <properties>
[...]
</properties>

      <testcase classname="edu.uic.cs494.a3.Test06_Multithreaded" name="testAdd" time="0.091" />

      <testcase classname="edu.uic.cs494.a3.Test06_Multithreaded" name="testRemove" time="0.069" />

      <system-out><![CDATA[]]></system-out>

      <system-err><![CDATA[]]></system-err>

  </testsuite>
  <testsuite errors="0" failures="0" hostname="wisamArch" id="6" name="Test07_AsyncProgress" package="edu.uic.cs494.a3" skipped="0" tests="8" time="3.98" timestamp="2020-04-18T18:49:06">
      <properties>
[...]
</properties>

      <testcase classname="edu.uic.cs494.a3.Test07_AsyncProgress" name="asyncMoveItemsWithoutRunningThreads" time="0.348" />

      <testcase classname="edu.uic.cs494.a3.Test07_AsyncProgress" name="asyncAddItemsWithoutRunningThreads" time="0.126" />

      <testcase classname="edu.uic.cs494.a3.Test07_AsyncProgress" name="asyncAddItemsWithoutRunningThreadsThenWaitForCompletion" time="0.079" />

      <testcase classname="edu.uic.cs494.a3.Test07_AsyncProgress" name="asyncGetContentsWithoutRunningThreadsThenWaitForCompletion" time="1.369" />

      <testcase classname="edu.uic.cs494.a3.Test07_AsyncProgress" name="asyncRemoveItemsWithoutRunningThreadsThenWaitForCompletion" time="0.143" />

      <testcase classname="edu.uic.cs494.a3.Test07_AsyncProgress" name="asyncGetContentsWithoutRunningThreads" time="0.885" />

      <testcase classname="edu.uic.cs494.a3.Test07_AsyncProgress" name="asyncRemoveItemsWithoutRunningThreads" time="0.878" />

      <testcase classname="edu.uic.cs494.a3.Test07_AsyncProgress" name="asyncMoveItemsWithoutRunningThreadsThenWaitForCompletion" time="0.044" />

      <system-out><![CDATA[734644
76592940
484729389
882047372
1095600
140544513
612421
42687710
]]></system-out>

      <system-err><![CDATA[]]></system-err>

  </testsuite>
  <testsuite errors="0" failures="0" hostname="wisamArch" id="7" name="Test08_MoveComplex" package="edu.uic.cs494.a3" skipped="0" tests="5" time="2.759" timestamp="2020-04-18T18:49:10">
      <properties>
[...]
</properties>

      <testcase classname="edu.uic.cs494.a3.Test08_MoveComplex" name="testAddMove" time="0.63" />

      <testcase classname="edu.uic.cs494.a3.Test08_MoveComplex" name="testMove" time="0.102" />

      <testcase classname="edu.uic.cs494.a3.Test08_MoveComplex" name="testRemoveMove" time="1.931" />

      <testcase classname="edu.uic.cs494.a3.Test08_MoveComplex" name="moveItemToEmptyShelf" time="0.001" />

      <testcase classname="edu.uic.cs494.a3.Test08_MoveComplex" name="testNoRoomInDestination" time="0.001" />

      <system-out><![CDATA[]]></system-out>

      <system-err><![CDATA[]]></system-err>

  </testsuite>
</testsuites>
