<?xml version="1.0" encoding="UTF-8" ?>
<testsuite errors="0" failures="0" hostname="wisamArch" name="edu.uic.cs494.a3.Test02_GetContentsShelf" skipped="0" tests="4" time="0.127" timestamp="2020-04-18T18:49:02">
  <properties>
[...]
</properties>
  <testcase classname="edu.uic.cs494.a3.Test02_GetContentsShelf" name="testCapacitySameDescription" time="0.019" />
  <testcase classname="edu.uic.cs494.a3.Test02_GetContentsShelf" name="testCapacityDuplicatedItem" time="0.001" />
  <testcase classname="edu.uic.cs494.a3.Test02_GetContentsShelf" name="testUsingOwnSet" time="0.002" />
  <testcase classname="edu.uic.cs494.a3.Test02_GetContentsShelf" name="testCapacityAdd" time="0.0" />
  <system-out><![CDATA[]]></system-out>
  <system-err><![CDATA[]]></system-err>
</testsuite>
